HEL-63 diagnostic: rgbd_tum disable_viewer=0

ORB-SLAM3 Copyright (C) 2017-2020 Carlos Campos, Richard Elvira, Juan J. Gómez, José M.M. Montiel and Juan D. Tardós, University of Zaragoza.
ORB-SLAM2 Copyright (C) 2014-2016 Raúl Mur-Artal, José M.M. Montiel and Juan D. Tardós, University of Zaragoza.
This program comes with ABSOLUTELY NO WARRANTY;
This is free software, and you are welcome to redistribute it
under certain conditions. See LICENSE.txt.

Input sensor was set to: RGB-D
Loading settings from /home/helionaut/workspaces/HEL-64/third_party/orbslam3/upstream/Examples/RGB-D/TUM1.yaml
	-Loaded camera 1
Camera.newHeight optional parameter does not exist...
Camera.newWidth optional parameter does not exist...
	-Loaded image info
	-Loaded RGB-D calibration
	-Loaded ORB settings
Viewer.imageViewScale optional parameter does not exist...
	-Loaded viewer settings
System.LoadAtlasFromFile optional parameter does not exist...
System.SaveAtlasToFile optional parameter does not exist...
	-Loaded Atlas settings
System.thFarPoints optional parameter does not exist...
	-Loaded misc parameters
----------------------------------
SLAM settings: 
	-Camera 1 parameters (Pinhole): [ 517.306 516.469 318.643 255.314 ]
	-Camera 1 distortion parameters: [  0.262383 -0.953104 -0.005358 0.002628 1.16331 ]
	-Original image size: [ 640 , 480 ]
	-Current image size: [ 640 , 480 ]
	-Sequence FPS: 30
	-RGB-D depth map factor: 5000
	-Features per image: 1000
	-ORB scale factor: 1.2
	-ORB number of scales: 8
	-Initial FAST threshold: 20
	-Min FAST threshold: 7


Loading ORB Vocabulary. This could take a while...
Vocabulary loaded!

Initialization of Atlas from scratch 
Creation of new map with id: 0
Creation of new map with last KF id: 0
Seq. Name: 
There are 1 cameras in the atlas
Camera 0 is pinhole

-------
Start processing sequence ...
Images in the sequence: 792

HEL-63 diagnostic: frame 0 TrackRGBD start timestamp=1.30503e+09
Framebuffer with requested attributes not available. Using available framebuffer. You may see visual artifacts.First KF:0; Map init KF:0
New Map created with 837 points
HEL-63 diagnostic: frame 0 TrackRGBD completed
HEL-63 diagnostic: frame 1 TrackRGBD start timestamp=1.30503e+09
double free or corruption (out)
Aborted (core dumped)
Working directory: build/tum_rgbd_fr1_xyz/trajectory
Dataset root: datasets/public/tum_rgbd/rgbd_dataset_freiburg1_xyz
Association file: third_party/orbslam3/upstream/Examples/RGB-D/associations/fr1_xyz.txt
Command: /usr/bin/xvfb-run -a /home/helionaut/workspaces/HEL-64/third_party/orbslam3/upstream/Examples/RGB-D/rgbd_tum /home/helionaut/workspaces/HEL-64/third_party/orbslam3/upstream/Vocabulary/ORBvoc.txt /home/helionaut/workspaces/HEL-64/third_party/orbslam3/upstream/Examples/RGB-D/TUM1.yaml /home/helionaut/workspaces/HEL-64/datasets/public/tum_rgbd/rgbd_dataset_freiburg1_xyz /home/helionaut/workspaces/HEL-64/third_party/orbslam3/upstream/Examples/RGB-D/associations/fr1_xyz.txt
Repo commit: 70f1990d869f7a5b26080a9f614b00fd00f2649f

Diagnostic toggles: max_frames=None, disable_viewer=False, skip_frame_save=False, skip_keyframe_save=False

